\BOOKMARK [0][-]{chapter.1}{Introduction}{}% 1
\BOOKMARK [1][-]{section.1.1}{Recurring Content Classes}{chapter.1}% 2
\BOOKMARK [1][-]{section.1.2}{Definitions and Techniques}{chapter.1}% 3
\BOOKMARK [0][-]{chapter.2}{Related Work}{}% 4
\BOOKMARK [0][-]{chapter.3}{Image Retrieval}{}% 5
\BOOKMARK [1][-]{section.3.1}{Feature vectors}{chapter.3}% 6
\BOOKMARK [1][-]{section.3.2}{Color Histograms}{chapter.3}% 7
\BOOKMARK [1][-]{section.3.3}{Color Texture Moments}{chapter.3}% 8
\BOOKMARK [1][-]{section.3.4}{CNN Features}{chapter.3}% 9
\BOOKMARK [0][-]{chapter.4}{Methodology}{}% 10
\BOOKMARK [1][-]{section.4.1}{Data}{chapter.4}% 11
\BOOKMARK [1][-]{section.4.2}{Feature Vector Construction}{chapter.4}% 12
\BOOKMARK [2][-]{subsection.4.2.1}{Color Histograms}{section.4.2}% 13
\BOOKMARK [2][-]{subsection.4.2.2}{Color Texture Moments}{section.4.2}% 14
\BOOKMARK [2][-]{subsection.4.2.3}{CNN Features}{section.4.2}% 15
\BOOKMARK [1][-]{section.4.3}{Matching and Detection}{chapter.4}% 16
\BOOKMARK [2][-]{subsection.4.3.1}{Recurring Content}{section.4.3}% 17
\BOOKMARK [2][-]{subsection.4.3.2}{Bumpers}{section.4.3}% 18
\BOOKMARK [0][-]{chapter.5}{Results}{}% 19
\BOOKMARK [1][-]{section.5.1}{Recurring Content}{chapter.5}% 20
\BOOKMARK [1][-]{section.5.2}{Bumpers}{chapter.5}% 21
\BOOKMARK [1][-]{section.5.3}{Discussion}{chapter.5}% 22
\BOOKMARK [0][-]{chapter.6}{Conclusion and Future Work}{}% 23
\BOOKMARK [0][-]{chapter.7}{Bibliography}{}% 24
